2018-08-08 14:49:19,249 [Worker-21] INFO  o.e.m.c.i.e.AbstractTransferListenerAdapter - Downloading http://repo.maven.apache.org/maven2/org/apache/maven/plugins/maven-source-plugin/maven-metadata.xml
2018-08-08 14:49:19,956 [Worker-21] INFO  o.e.m.c.i.e.AbstractTransferListenerAdapter - Downloaded http://repo.maven.apache.org/maven2/org/apache/maven/plugins/maven-source-plugin/maven-metadata.xml
2018-08-08 14:49:20,419 [Worker-21] INFO  o.e.m.c.i.e.AbstractTransferListenerAdapter - Downloading http://repo.maven.apache.org/maven2/org/apache/maven/plugins/maven-source-plugin/3.0.1/maven-source-plugin-3.0.1.pom
2018-08-08 14:49:20,965 [Worker-21] INFO  o.e.m.c.i.e.AbstractTransferListenerAdapter - Downloaded http://repo.maven.apache.org/maven2/org/apache/maven/plugins/maven-source-plugin/3.0.1/maven-source-plugin-3.0.1.pom
2018-08-08 14:49:21,587 [Worker-21] INFO  o.e.m.c.i.e.AbstractTransferListenerAdapter - Downloading http://repo.maven.apache.org/maven2/org/apache/maven/plugins/maven-source-plugin/3.0.1/maven-source-plugin-3.0.1.jar
2018-08-08 14:49:22,892 [Worker-21] INFO  o.e.m.c.i.e.AbstractTransferListenerAdapter - Downloaded http://repo.maven.apache.org/maven2/org/apache/maven/plugins/maven-source-plugin/3.0.1/maven-source-plugin-3.0.1.jar
2018-08-08 14:49:23,648 [Worker-21] INFO  o.e.m.c.i.e.AbstractTransferListenerAdapter - Downloading http://repo.maven.apache.org/maven2/org/apache/maven/plugins/maven-javadoc-plugin/maven-metadata.xml
2018-08-08 14:49:24,260 [Worker-21] INFO  o.e.m.c.i.e.AbstractTransferListenerAdapter - Downloaded http://repo.maven.apache.org/maven2/org/apache/maven/plugins/maven-javadoc-plugin/maven-metadata.xml
2018-08-08 14:49:24,636 [Worker-21] INFO  o.e.m.c.i.e.AbstractTransferListenerAdapter - Downloading http://repo.maven.apache.org/maven2/org/apache/maven/plugins/maven-javadoc-plugin/3.0.1/maven-javadoc-plugin-3.0.1.pom
2018-08-08 14:49:25,408 [Worker-21] INFO  o.e.m.c.i.e.AbstractTransferListenerAdapter - Downloaded http://repo.maven.apache.org/maven2/org/apache/maven/plugins/maven-javadoc-plugin/3.0.1/maven-javadoc-plugin-3.0.1.pom
2018-08-08 14:49:25,908 [Worker-21] INFO  o.e.m.c.i.e.AbstractTransferListenerAdapter - Downloading http://repo.maven.apache.org/maven2/org/apache/maven/plugins/maven-plugins/31/maven-plugins-31.pom
2018-08-08 14:49:26,677 [Worker-21] INFO  o.e.m.c.i.e.AbstractTransferListenerAdapter - Downloaded http://repo.maven.apache.org/maven2/org/apache/maven/plugins/maven-plugins/31/maven-plugins-31.pom
2018-08-08 14:49:27,361 [Worker-21] INFO  o.e.m.c.i.e.AbstractTransferListenerAdapter - Downloading http://repo.maven.apache.org/maven2/org/apache/maven/maven-parent/31/maven-parent-31.pom
2018-08-08 14:49:27,877 [Worker-21] INFO  o.e.m.c.i.e.AbstractTransferListenerAdapter - Downloaded http://repo.maven.apache.org/maven2/org/apache/maven/maven-parent/31/maven-parent-31.pom
2018-08-08 14:49:28,205 [Worker-21] INFO  o.e.m.c.i.e.AbstractTransferListenerAdapter - Downloading http://repo.maven.apache.org/maven2/org/apache/apache/19/apache-19.pom
2018-08-08 14:49:28,908 [Worker-21] INFO  o.e.m.c.i.e.AbstractTransferListenerAdapter - Downloaded http://repo.maven.apache.org/maven2/org/apache/apache/19/apache-19.pom
2018-08-08 14:49:29,379 [Worker-21] INFO  o.e.m.c.i.e.AbstractTransferListenerAdapter - Downloading http://repo.maven.apache.org/maven2/org/apache/maven/plugins/maven-javadoc-plugin/3.0.1/maven-javadoc-plugin-3.0.1.jar
2018-08-08 14:49:32,655 [Worker-21] INFO  o.e.m.c.i.e.AbstractTransferListenerAdapter - Downloaded http://repo.maven.apache.org/maven2/org/apache/maven/plugins/maven-javadoc-plugin/3.0.1/maven-javadoc-plugin-3.0.1.jar
2018-08-08 14:49:33,431 [Worker-21] INFO  o.e.m.c.i.l.LifecycleMappingFactory - Using NULL lifecycle mapping for MavenProject: com.baidu.disconf:disconf-base:2.6.36 @ C:\Users\Administrator\git\disconf\pom.xml.
2018-08-08 14:49:35,616 [Worker-21] INFO  o.e.m.c.i.p.ProjectConfigurationManager - Update started
2018-08-08 14:49:35,819 [Worker-21] INFO  o.e.m.c.i.l.LifecycleMappingFactory - Using NULL lifecycle mapping for MavenProject: com.baidu.disconf:disconf-base:2.6.36 @ C:\Users\Administrator\git\disconf\pom.xml.
2018-08-08 14:49:40,341 [Worker-21] INFO  o.e.m.c.i.p.ProjectConfigurationManager - Update completed: 4 sec
2018-08-08 15:03:36,883 [Worker-14] INFO  o.e.m.c.i.p.ProjectConfigurationManager - Update started
2018-08-08 15:03:37,655 [Worker-14] INFO  o.e.m.c.i.l.LifecycleMappingFactory - Using NULL lifecycle mapping for MavenProject: com.baidu.disconf:disconf-base:2.6.36 @ C:\Users\Administrator\git\disconf\pom.xml.
2018-08-08 15:03:43,162 [Worker-14] INFO  o.e.m.c.i.p.ProjectConfigurationManager - Update completed: 6 sec
2018-08-08 15:07:29,865 [Worker-32] INFO  o.e.m.c.i.l.LifecycleMappingFactory - Using NULL lifecycle mapping for MavenProject: com.baidu.disconf:disconf-base:2.6.36 @ C:\Users\Administrator\git\disconf\pom.xml.
2018-08-08 15:09:31,970 [Worker-14] INFO  o.e.m.c.i.l.LifecycleMappingFactory - Using NULL lifecycle mapping for MavenProject: com.baidu.disconf:disconf-base:2.6.36 @ C:\Users\Administrator\git\disconf\pom.xml.
2018-08-08 15:14:39,620 [Worker-30] INFO  o.e.m.c.i.l.LifecycleMappingFactory - Using NULL lifecycle mapping for MavenProject: com.baidu.disconf:disconf-base:2.6.36 @ C:\Users\Administrator\git\disconf\pom.xml.
2018-08-08 15:17:58,473 [Worker-27] INFO  o.e.m.c.i.l.LifecycleMappingFactory - Using NULL lifecycle mapping for MavenProject: com.baidu.disconf:disconf-base:2.6.36 @ C:\Users\Administrator\git\disconf\pom.xml.
2018-08-08 15:32:30,410 [Worker-30] INFO  o.e.m.c.i.p.ProjectConfigurationManager - Update started
2018-08-08 15:32:30,972 [Worker-30] INFO  o.e.m.c.i.l.LifecycleMappingFactory - Using NULL lifecycle mapping for MavenProject: com.baidu.disconf:disconf-base:2.6.36 @ C:\Users\Administrator\git\disconf\pom.xml.
2018-08-08 15:32:36,810 [Worker-30] INFO  o.e.m.c.i.p.ProjectConfigurationManager - Update completed: 6 sec
2018-08-08 15:36:34,132 [Worker-36] INFO  o.e.m.c.i.p.ProjectConfigurationManager - Collecting project info '/pom.xml' F:\java12\yy\pom.xml
2018-08-08 15:36:37,177 [Worker-36] INFO  o.e.m.c.i.l.LifecycleMappingFactory - Using org.eclipse.m2e.jdt.JarLifecycleMapping lifecycle mapping for MavenProject: xxx:yy:0.0.1-SNAPSHOT @ F:\java12\yy\pom.xml.
2018-08-08 15:36:38,564 [Worker-36] INFO  o.e.m.j.i.AbstractJavaProjectConfigurator - Adding source folder /yy/src/main/java
2018-08-08 15:36:38,564 [Worker-30] INFO  o.e.m.c.i.l.LifecycleMappingFactory - Using org.eclipse.m2e.jdt.JarLifecycleMapping lifecycle mapping for MavenProject: xxx:yy:0.0.1-SNAPSHOT @ F:\java12\yy\pom.xml.
2018-08-08 15:36:38,595 [Worker-36] INFO  o.e.m.j.i.AbstractJavaProjectConfigurator - Adding source folder /yy/src/test/java
2018-08-08 15:36:38,907 [Worker-36] INFO  o.e.m.c.i.p.ProjectConfigurationManager - Imported and configured 1 project(s) in 4 sec
2018-08-08 15:36:40,773 [Worker-29] INFO  o.e.m.c.i.l.LifecycleMappingFactory - Using org.eclipse.m2e.jdt.JarLifecycleMapping lifecycle mapping for MavenProject: xxx:yy:0.0.1-SNAPSHOT @ F:\java12\yy\pom.xml.
2018-08-08 15:38:04,079 [Worker-34] INFO  o.e.m.c.i.l.LifecycleMappingFactory - Using org.eclipse.m2e.jdt.JarLifecycleMapping lifecycle mapping for MavenProject: xxx:yy:0.0.1-SNAPSHOT @ C:\Users\Administrator\git\disconf\pom.xml.
2018-08-08 15:38:11,549 [Worker-43] INFO  o.e.m.c.i.embedder.EclipseLogger - Using 'UTF-8' encoding to copy filtered resources.
2018-08-08 15:38:11,549 [Worker-43] INFO  o.e.m.c.i.embedder.EclipseLogger - skip non existing resourceDirectory C:\Users\Administrator\git\disconf\src\main\resources
2018-08-08 15:38:12,402 [Worker-43] INFO  o.e.m.c.i.embedder.EclipseLogger - Using 'UTF-8' encoding to copy filtered resources.
2018-08-08 15:38:12,402 [Worker-43] INFO  o.e.m.c.i.embedder.EclipseLogger - skip non existing resourceDirectory C:\Users\Administrator\git\disconf\src\test\resources
2018-08-08 15:39:06,376 [Worker-30] INFO  o.e.m.c.i.p.ProjectConfigurationManager - Update started
2018-08-08 15:39:07,108 [Worker-30] INFO  o.e.m.c.i.l.LifecycleMappingFactory - Using org.eclipse.m2e.jdt.JarLifecycleMapping lifecycle mapping for MavenProject: xxx:yy:0.0.1-SNAPSHOT @ C:\Users\Administrator\git\disconf\pom.xml.
2018-08-08 15:39:07,233 [Worker-30] INFO  o.e.m.j.i.AbstractJavaProjectConfigurator - Adding source folder /disconf/src/main/java
2018-08-08 15:39:07,233 [Worker-30] INFO  o.e.m.j.i.AbstractJavaProjectConfigurator - Adding source folder /disconf/src/test/java
2018-08-08 15:39:11,065 [Worker-30] INFO  o.e.m.c.i.l.LifecycleMappingFactory - Using org.eclipse.m2e.jdt.JarLifecycleMapping lifecycle mapping for MavenProject: xxx:yy:0.0.1-SNAPSHOT @ C:\Users\Administrator\git\disconf\pom.xml.
2018-08-08 15:39:11,284 [Worker-30] INFO  o.e.m.c.i.p.ProjectConfigurationManager - Update completed: 4 sec
2018-08-08 15:39:12,013 [Worker-41] INFO  o.e.m.c.i.l.LifecycleMappingFactory - Using org.eclipse.m2e.jdt.JarLifecycleMapping lifecycle mapping for MavenProject: xxx:yy:0.0.1-SNAPSHOT @ C:\Users\Administrator\git\disconf\pom.xml.
2018-08-08 15:39:31,714 [Worker-43] INFO  o.e.m.c.i.embedder.EclipseLogger - Using 'UTF-8' encoding to copy filtered resources.
2018-08-08 15:39:31,714 [Worker-43] INFO  o.e.m.c.i.embedder.EclipseLogger - skip non existing resourceDirectory C:\Users\Administrator\git\disconf\src\main\resources
2018-08-08 15:39:31,730 [Worker-43] INFO  o.e.m.c.i.embedder.EclipseLogger - Using 'UTF-8' encoding to copy filtered resources.
2018-08-08 15:39:31,730 [Worker-43] INFO  o.e.m.c.i.embedder.EclipseLogger - skip non existing resourceDirectory C:\Users\Administrator\git\disconf\src\test\resources
2018-08-08 15:40:42,109 [Worker-29] INFO  o.e.m.c.i.l.LifecycleMappingFactory - Using org.eclipse.m2e.jdt.JarLifecycleMapping lifecycle mapping for MavenProject: xxx:yy:0.0.1-SNAPSHOT @ C:\Users\Administrator\git\disconf\pom.xml.
2018-08-08 15:41:28,260 [Worker-29] INFO  o.e.m.c.i.l.LifecycleMappingFactory - Using NULL lifecycle mapping for MavenProject: com.baidu.disconf:disconf-base:2.6.36 @ C:\Users\Administrator\git\disconf\pom.xml.
2018-08-08 15:42:11,248 [Worker-29] INFO  o.e.m.c.i.l.LifecycleMappingFactory - Using NULL lifecycle mapping for MavenProject: com.baidu.disconf:disconf-base:2.6.36 @ C:\Users\Administrator\git\disconf\pom.xml.
2018-08-08 15:42:33,247 [Worker-37] INFO  o.e.m.c.i.p.ProjectConfigurationManager - Update started
2018-08-08 15:42:34,072 [Worker-37] INFO  o.e.m.c.i.l.LifecycleMappingFactory - Using NULL lifecycle mapping for MavenProject: com.baidu.disconf:disconf-base:2.6.36 @ C:\Users\Administrator\git\disconf\pom.xml.
2018-08-08 15:42:38,489 [Worker-37] INFO  o.e.m.c.i.p.ProjectConfigurationManager - Update completed: 5 sec
2018-08-08 15:46:25,659 [Worker-29] INFO  o.e.m.c.i.l.LifecycleMappingFactory - Using NULL lifecycle mapping for MavenProject: com.baidu.disconf:disconf-base:2.6.36 @ C:\Users\Administrator\git\disconf\pom.xml.
2018-08-08 15:46:31,510 [Worker-33] INFO  o.e.m.c.i.p.ProjectConfigurationManager - Update started
2018-08-08 15:46:32,333 [Worker-33] INFO  o.e.m.c.i.l.LifecycleMappingFactory - Using NULL lifecycle mapping for MavenProject: com.baidu.disconf:disconf-base:2.6.36 @ C:\Users\Administrator\git\disconf\pom.xml.
2018-08-08 15:46:33,140 [Worker-29] INFO  o.e.m.c.i.e.AbstractTransferListenerAdapter - Downloading http://repo.maven.apache.org/maven2/org/springframework/spring-instrument-tomcat/4.1.7.RELEASE/spring-instrument-tomcat-4.1.7.RELEASE.pom
2018-08-08 15:46:36,682 [Worker-29] INFO  o.e.m.c.i.e.AbstractTransferListenerAdapter - Downloaded http://repo.maven.apache.org/maven2/org/springframework/spring-instrument-tomcat/4.1.7.RELEASE/spring-instrument-tomcat-4.1.7.RELEASE.pom
2018-08-08 15:46:37,687 [Worker-29] INFO  o.e.m.c.i.e.AbstractTransferListenerAdapter - Downloading http://repo.maven.apache.org/maven2/org/springframework/spring-aspects/4.1.7.RELEASE/spring-aspects-4.1.7.RELEASE.pom
2018-08-08 15:46:42,925 [Worker-29] INFO  o.e.m.c.i.e.AbstractTransferListenerAdapter - Downloaded http://repo.maven.apache.org/maven2/org/springframework/spring-aspects/4.1.7.RELEASE/spring-aspects-4.1.7.RELEASE.pom
2018-08-08 15:47:34,107 [Worker-29] INFO  o.e.m.c.i.e.AbstractTransferListenerAdapter - Downloading http://repo.maven.apache.org/maven2/org/aspectj/aspectjweaver/1.8.6/aspectjweaver-1.8.6.pom
2018-08-08 15:47:34,781 [Worker-29] INFO  o.e.m.c.i.e.AbstractTransferListenerAdapter - Downloaded http://repo.maven.apache.org/maven2/org/aspectj/aspectjweaver/1.8.6/aspectjweaver-1.8.6.pom
2018-08-08 15:47:35,229 [Worker-29] INFO  o.e.m.c.i.e.AbstractTransferListenerAdapter - Downloading http://repo.maven.apache.org/maven2/org/springframework/spring-instrument/4.1.7.RELEASE/spring-instrument-4.1.7.RELEASE.pom
2018-08-08 15:47:35,916 [Worker-29] INFO  o.e.m.c.i.e.AbstractTransferListenerAdapter - Downloaded http://repo.maven.apache.org/maven2/org/springframework/spring-instrument/4.1.7.RELEASE/spring-instrument-4.1.7.RELEASE.pom
2018-08-08 15:47:36,354 [Worker-29] INFO  o.e.m.c.i.e.AbstractTransferListenerAdapter - Downloaded http://repo.maven.apache.org/maven2/org/springframework/spring-tomcat/4.1.7.RELEASE/spring-tomcat-4.1.7.RELEASE.pom
2018-08-08 15:47:36,385 [Worker-29] WARN  o.e.m.c.i.embedder.EclipseLogger - The POM for org.springframework:spring-tomcat:jar:4.1.7.RELEASE is missing, no dependency information available
2018-08-08 15:47:36,385 [Worker-33] WARN  o.e.m.c.i.embedder.EclipseLogger - The POM for org.springframework:spring-tomcat:jar:4.1.7.RELEASE is missing, no dependency information available
2018-08-08 15:47:37,466 [Worker-29] INFO  o.e.m.c.i.e.AbstractTransferListenerAdapter - Downloading http://repo.maven.apache.org/maven2/org/springframework/spring-instrument-tomcat/4.1.7.RELEASE/spring-instrument-tomcat-4.1.7.RELEASE.jar
2018-08-08 15:47:38,131 [Worker-29] INFO  o.e.m.c.i.e.AbstractTransferListenerAdapter - Downloaded http://repo.maven.apache.org/maven2/org/springframework/spring-instrument-tomcat/4.1.7.RELEASE/spring-instrument-tomcat-4.1.7.RELEASE.jar
2018-08-08 15:47:38,417 [Worker-29] INFO  o.e.m.c.i.e.AbstractTransferListenerAdapter - Downloading http://repo.maven.apache.org/maven2/org/springframework/spring-aspects/4.1.7.RELEASE/spring-aspects-4.1.7.RELEASE.jar
2018-08-08 15:47:39,568 [Worker-29] INFO  o.e.m.c.i.e.AbstractTransferListenerAdapter - Downloaded http://repo.maven.apache.org/maven2/org/springframework/spring-aspects/4.1.7.RELEASE/spring-aspects-4.1.7.RELEASE.jar
2018-08-08 15:47:39,870 [Worker-29] INFO  o.e.m.c.i.e.AbstractTransferListenerAdapter - Downloading http://repo.maven.apache.org/maven2/org/aspectj/aspectjweaver/1.8.6/aspectjweaver-1.8.6.jar
2018-08-08 15:47:44,973 [Worker-29] INFO  o.e.m.c.i.e.AbstractTransferListenerAdapter - Downloaded http://repo.maven.apache.org/maven2/org/aspectj/aspectjweaver/1.8.6/aspectjweaver-1.8.6.jar
2018-08-08 15:47:45,200 [Worker-29] INFO  o.e.m.c.i.e.AbstractTransferListenerAdapter - Downloading http://repo.maven.apache.org/maven2/org/springframework/spring-instrument/4.1.7.RELEASE/spring-instrument-4.1.7.RELEASE.jar
2018-08-08 15:47:45,810 [Worker-29] INFO  o.e.m.c.i.e.AbstractTransferListenerAdapter - Downloaded http://repo.maven.apache.org/maven2/org/springframework/spring-instrument/4.1.7.RELEASE/spring-instrument-4.1.7.RELEASE.jar
2018-08-08 15:47:46,186 [Worker-29] INFO  o.e.m.c.i.e.AbstractTransferListenerAdapter - Downloaded http://repo.maven.apache.org/maven2/org/springframework/spring-tomcat/4.1.7.RELEASE/spring-tomcat-4.1.7.RELEASE.jar
2018-08-08 15:47:54,313 [Worker-33] INFO  o.e.m.c.i.p.ProjectConfigurationManager - Update completed: 82 sec
2018-08-08 15:47:55,511 [Worker-38] INFO  o.e.m.c.i.l.LifecycleMappingFactory - Using NULL lifecycle mapping for MavenProject: com.baidu.disconf:disconf-base:2.6.36 @ C:\Users\Administrator\git\disconf\pom.xml.
2018-08-08 15:47:55,736 [Worker-38] WARN  o.e.m.c.i.embedder.EclipseLogger - The POM for org.springframework:spring-tomcat:jar:4.1.7.RELEASE is missing, no dependency information available
2018-08-08 15:48:38,898 [Worker-43] INFO  o.e.m.c.i.l.LifecycleMappingFactory - Using NULL lifecycle mapping for MavenProject: com.baidu.disconf:disconf-base:2.6.36 @ C:\Users\Administrator\git\disconf\pom.xml.
2018-08-08 15:49:01,406 [Worker-27] INFO  o.e.m.c.i.p.ProjectConfigurationManager - Update started
2018-08-08 15:49:02,157 [Worker-27] INFO  o.e.m.c.i.l.LifecycleMappingFactory - Using NULL lifecycle mapping for MavenProject: com.baidu.disconf:disconf-base:2.6.36 @ C:\Users\Administrator\git\disconf\pom.xml.
2018-08-08 15:49:04,764 [Worker-27] INFO  o.e.m.c.i.p.ProjectConfigurationManager - Update completed: 3 sec
2018-08-08 15:50:57,100 [Worker-43] INFO  o.e.m.c.i.l.LifecycleMappingFactory - Using NULL lifecycle mapping for MavenProject: com.baidu.disconf:disconf-base:2.6.36 @ C:\Users\Administrator\git\disconf\pom.xml.
2018-08-08 15:51:01,777 [Worker-34] INFO  o.e.m.c.i.p.ProjectConfigurationManager - Update started
2018-08-08 15:51:02,637 [Worker-34] INFO  o.e.m.c.i.l.LifecycleMappingFactory - Using NULL lifecycle mapping for MavenProject: com.baidu.disconf:disconf-base:2.6.36 @ C:\Users\Administrator\git\disconf\pom.xml.
2018-08-08 15:51:07,851 [Worker-34] INFO  o.e.m.c.i.p.ProjectConfigurationManager - Update completed: 6 sec
2018-08-08 15:53:15,299 [Worker-34] INFO  o.e.m.c.i.l.LifecycleMappingFactory - Using NULL lifecycle mapping for MavenProject: com.baidu.disconf:disconf-base:2.6.36 @ C:\Users\Administrator\git\disconf\pom.xml.
2018-08-08 15:53:15,810 [Worker-34] INFO  o.e.m.c.i.e.AbstractTransferListenerAdapter - Downloaded http://repo.maven.apache.org/maven2/org/aopalliance/com.springsource.org.aopalliance/2.5.6/com.springsource.org.aopalliance-2.5.6.pom
2018-08-08 15:53:15,810 [Worker-34] WARN  o.e.m.c.i.embedder.EclipseLogger - The POM for org.aopalliance:com.springsource.org.aopalliance:jar:2.5.6 is missing, no dependency information available
2018-08-08 15:53:18,046 [Worker-34] INFO  o.e.m.c.i.e.AbstractTransferListenerAdapter - Downloading http://repo.maven.apache.org/maven2/com/google/code/gson/gson/2.2.4/gson-2.2.4.pom
2018-08-08 15:53:18,698 [Worker-34] INFO  o.e.m.c.i.e.AbstractTransferListenerAdapter - Downloaded http://repo.maven.apache.org/maven2/com/google/code/gson/gson/2.2.4/gson-2.2.4.pom
2018-08-08 15:53:19,260 [Worker-34] INFO  o.e.m.c.i.e.AbstractTransferListenerAdapter - Downloading http://repo.maven.apache.org/maven2/commons-dbcp/commons-dbcp/1.2.1/commons-dbcp-1.2.1.pom
2018-08-08 15:53:19,841 [Worker-34] INFO  o.e.m.c.i.e.AbstractTransferListenerAdapter - Downloaded http://repo.maven.apache.org/maven2/commons-dbcp/commons-dbcp/1.2.1/commons-dbcp-1.2.1.pom
2018-08-08 15:53:20,288 [Worker-34] INFO  o.e.m.c.i.e.AbstractTransferListenerAdapter - Downloading http://repo.maven.apache.org/maven2/commons-pool/commons-pool/1.2/commons-pool-1.2.pom
2018-08-08 15:53:20,964 [Worker-34] INFO  o.e.m.c.i.e.AbstractTransferListenerAdapter - Downloaded http://repo.maven.apache.org/maven2/commons-pool/commons-pool/1.2/commons-pool-1.2.pom
2018-08-08 15:53:21,431 [Worker-34] INFO  o.e.m.c.i.e.AbstractTransferListenerAdapter - Downloading http://repo.maven.apache.org/maven2/xml-apis/xml-apis/2.0.2/xml-apis-2.0.2.pom
2018-08-08 15:53:22,084 [Worker-34] INFO  o.e.m.c.i.e.AbstractTransferListenerAdapter - Downloaded http://repo.maven.apache.org/maven2/xml-apis/xml-apis/2.0.2/xml-apis-2.0.2.pom
2018-08-08 15:53:22,522 [Worker-34] INFO  o.e.m.c.i.e.AbstractTransferListenerAdapter - Downloading http://repo.maven.apache.org/maven2/xerces/xerces/2.0.2/xerces-2.0.2.pom
2018-08-08 15:53:23,179 [Worker-34] INFO  o.e.m.c.i.e.AbstractTransferListenerAdapter - Downloaded http://repo.maven.apache.org/maven2/xerces/xerces/2.0.2/xerces-2.0.2.pom
2018-08-08 15:53:23,643 [Worker-34] INFO  o.e.m.c.i.e.AbstractTransferListenerAdapter - Downloading http://repo.maven.apache.org/maven2/xerces/xercesImpl/2.0.2/xercesImpl-2.0.2.pom
2018-08-08 15:53:24,301 [Worker-34] INFO  o.e.m.c.i.e.AbstractTransferListenerAdapter - Downloaded http://repo.maven.apache.org/maven2/xerces/xercesImpl/2.0.2/xercesImpl-2.0.2.pom
2018-08-08 15:53:24,767 [Worker-34] INFO  o.e.m.c.i.e.AbstractTransferListenerAdapter - Downloading http://repo.maven.apache.org/maven2/commons-fileupload/commons-fileupload/1.2.1/commons-fileupload-1.2.1.pom
2018-08-08 15:53:25,426 [Worker-34] INFO  o.e.m.c.i.e.AbstractTransferListenerAdapter - Downloaded http://repo.maven.apache.org/maven2/commons-fileupload/commons-fileupload/1.2.1/commons-fileupload-1.2.1.pom
2018-08-08 15:53:26,203 [Worker-34] INFO  o.e.m.c.i.e.AbstractTransferListenerAdapter - Downloading http://repo.maven.apache.org/maven2/javax/servlet/jsp/jsp-api/2.0/jsp-api-2.0.pom
2018-08-08 15:53:26,860 [Worker-34] INFO  o.e.m.c.i.e.AbstractTransferListenerAdapter - Downloaded http://repo.maven.apache.org/maven2/javax/servlet/jsp/jsp-api/2.0/jsp-api-2.0.pom
2018-08-08 15:53:26,938 [Worker-37] INFO  o.e.m.c.i.p.ProjectConfigurationManager - Update started
2018-08-08 15:53:27,183 [Worker-34] INFO  o.e.m.c.i.e.AbstractTransferListenerAdapter - Downloading http://repo.maven.apache.org/maven2/org/apache/zookeeper/zookeeper/3.3.6/zookeeper-3.3.6.pom
2018-08-08 15:53:27,747 [Worker-37] INFO  o.e.m.c.i.l.LifecycleMappingFactory - Using NULL lifecycle mapping for MavenProject: com.baidu.disconf:disconf-base:2.6.36 @ C:\Users\Administrator\git\disconf\pom.xml.
2018-08-08 15:53:27,762 [Worker-37] WARN  o.e.m.c.i.embedder.EclipseLogger - The POM for org.aopalliance:com.springsource.org.aopalliance:jar:2.5.6 is missing, no dependency information available
2018-08-08 15:53:27,840 [Worker-34] INFO  o.e.m.c.i.e.AbstractTransferListenerAdapter - Downloaded http://repo.maven.apache.org/maven2/org/apache/zookeeper/zookeeper/3.3.6/zookeeper-3.3.6.pom
2018-08-08 15:53:28,341 [Worker-34] INFO  o.e.m.c.i.e.AbstractTransferListenerAdapter - Downloading http://repo.maven.apache.org/maven2/commons-logging/commons-logging-api/1.0.4/commons-logging-api-1.0.4.pom
2018-08-08 15:53:28,874 [Worker-34] INFO  o.e.m.c.i.e.AbstractTransferListenerAdapter - Downloaded http://repo.maven.apache.org/maven2/commons-logging/commons-logging-api/1.0.4/commons-logging-api-1.0.4.pom
2018-08-08 15:53:29,243 [Worker-34] INFO  o.e.m.c.i.e.AbstractTransferListenerAdapter - Downloading http://repo.maven.apache.org/maven2/commons-net/commons-net/1.4.1/commons-net-1.4.1.pom
2018-08-08 15:53:29,899 [Worker-34] INFO  o.e.m.c.i.e.AbstractTransferListenerAdapter - Downloaded http://repo.maven.apache.org/maven2/commons-net/commons-net/1.4.1/commons-net-1.4.1.pom
2018-08-08 15:53:30,627 [Worker-34] INFO  o.e.m.c.i.e.AbstractTransferListenerAdapter - Downloading http://repo.maven.apache.org/maven2/commons-pool/commons-pool/1.4/commons-pool-1.4.pom
2018-08-08 15:53:31,339 [Worker-34] INFO  o.e.m.c.i.e.AbstractTransferListenerAdapter - Downloaded http://repo.maven.apache.org/maven2/commons-pool/commons-pool/1.4/commons-pool-1.4.pom
2018-08-08 15:53:31,804 [Worker-34] INFO  o.e.m.c.i.e.AbstractTransferListenerAdapter - Downloading http://repo.maven.apache.org/maven2/net/sf/ehcache/ehcache/2.7.4/ehcache-2.7.4.pom
2018-08-08 15:53:32,472 [Worker-34] INFO  o.e.m.c.i.e.AbstractTransferListenerAdapter - Downloaded http://repo.maven.apache.org/maven2/net/sf/ehcache/ehcache/2.7.4/ehcache-2.7.4.pom
2018-08-08 15:53:32,972 [Worker-34] INFO  o.e.m.c.i.e.AbstractTransferListenerAdapter - Downloading http://repo.maven.apache.org/maven2/net/sf/ehcache/ehcache-root/2.7.4/ehcache-root-2.7.4.pom
2018-08-08 15:53:33,615 [Worker-34] INFO  o.e.m.c.i.e.AbstractTransferListenerAdapter - Downloaded http://repo.maven.apache.org/maven2/net/sf/ehcache/ehcache-root/2.7.4/ehcache-root-2.7.4.pom
2018-08-08 15:53:33,957 [Worker-34] INFO  o.e.m.c.i.e.AbstractTransferListenerAdapter - Downloading http://repo.maven.apache.org/maven2/net/sf/ehcache/ehcache-parent/2.5/ehcache-parent-2.5.pom
2018-08-08 15:53:34,907 [Worker-34] INFO  o.e.m.c.i.e.AbstractTransferListenerAdapter - Downloaded http://repo.maven.apache.org/maven2/net/sf/ehcache/ehcache-parent/2.5/ehcache-parent-2.5.pom
2018-08-08 15:53:35,873 [Worker-34] INFO  o.e.m.c.i.e.AbstractTransferListenerAdapter - Downloaded http://repo.maven.apache.org/maven2/javax/annotation/javax.annotation/1.0.0.v20100513-0750/javax.annotation-1.0.0.v20100513-0750.pom
2018-08-08 15:53:35,889 [Worker-34] WARN  o.e.m.c.i.embedder.EclipseLogger - The POM for javax.annotation:javax.annotation:jar:1.0.0.v20100513-0750 is missing, no dependency information available
2018-08-08 15:53:35,904 [Worker-37] WARN  o.e.m.c.i.embedder.EclipseLogger - The POM for javax.annotation:javax.annotation:jar:1.0.0.v20100513-0750 is missing, no dependency information available
2018-08-08 15:53:36,535 [Worker-34] INFO  o.e.m.c.i.e.AbstractTransferListenerAdapter - Downloaded http://repo.maven.apache.org/maven2/javax/xml/javax.xml/1.3.4.v201005080400/javax.xml-1.3.4.v201005080400.pom
2018-08-08 15:53:36,551 [Worker-34] WARN  o.e.m.c.i.embedder.EclipseLogger - The POM for javax.xml:javax.xml:jar:1.3.4.v201005080400 is missing, no dependency information available
2018-08-08 15:53:36,582 [Worker-37] WARN  o.e.m.c.i.embedder.EclipseLogger - The POM for javax.xml:javax.xml:jar:1.3.4.v201005080400 is missing, no dependency information available
2018-08-08 15:53:37,433 [Worker-34] INFO  o.e.m.c.i.e.AbstractTransferListenerAdapter - Downloading http://repo.maven.apache.org/maven2/org/freemarker/freemarker/2.3.20/freemarker-2.3.20.pom
2018-08-08 15:53:38,091 [Worker-34] INFO  o.e.m.c.i.e.AbstractTransferListenerAdapter - Downloaded http://repo.maven.apache.org/maven2/org/freemarker/freemarker/2.3.20/freemarker-2.3.20.pom
2018-08-08 15:53:38,714 [Worker-37] INFO  o.e.m.c.i.e.AbstractTransferListenerAdapter - Downloading http://repo.maven.apache.org/maven2/com/google/protobuf/protobuf-java/2.5.0/protobuf-java-2.5.0.pom
2018-08-08 15:53:39,714 [Worker-37] INFO  o.e.m.c.i.e.AbstractTransferListenerAdapter - Downloaded http://repo.maven.apache.org/maven2/com/google/protobuf/protobuf-java/2.5.0/protobuf-java-2.5.0.pom
2018-08-08 15:53:40,137 [Worker-37] INFO  o.e.m.c.i.e.AbstractTransferListenerAdapter - Downloading http://repo.maven.apache.org/maven2/net/sf/supercsv/super-csv/2.1.0/super-csv-2.1.0.pom
2018-08-08 15:53:40,776 [Worker-37] INFO  o.e.m.c.i.e.AbstractTransferListenerAdapter - Downloaded http://repo.maven.apache.org/maven2/net/sf/supercsv/super-csv/2.1.0/super-csv-2.1.0.pom
2018-08-08 15:53:41,084 [Worker-37] INFO  o.e.m.c.i.e.AbstractTransferListenerAdapter - Downloading http://repo.maven.apache.org/maven2/net/sf/supercsv/super-csv-parent/2.1.0/super-csv-parent-2.1.0.pom
2018-08-08 15:53:41,740 [Worker-37] INFO  o.e.m.c.i.e.AbstractTransferListenerAdapter - Downloaded http://repo.maven.apache.org/maven2/net/sf/supercsv/super-csv-parent/2.1.0/super-csv-parent-2.1.0.pom
2018-08-08 15:53:42,211 [Worker-34] INFO  o.e.m.c.i.e.AbstractTransferListenerAdapter - Downloading http://repo.maven.apache.org/maven2/org/projectlombok/lombok/1.14.4/lombok-1.14.4.pom
2018-08-08 15:53:42,869 [Worker-34] INFO  o.e.m.c.i.e.AbstractTransferListenerAdapter - Downloaded http://repo.maven.apache.org/maven2/org/projectlombok/lombok/1.14.4/lombok-1.14.4.pom
2018-08-08 15:53:43,177 [Worker-34] INFO  o.e.m.c.i.e.AbstractTransferListenerAdapter - Downloading http://repo.maven.apache.org/maven2/org/ostermiller/utils/1.07.00/utils-1.07.00.pom
2018-08-08 15:53:43,862 [Worker-34] INFO  o.e.m.c.i.e.AbstractTransferListenerAdapter - Downloaded http://repo.maven.apache.org/maven2/org/ostermiller/utils/1.07.00/utils-1.07.00.pom
2018-08-08 15:53:44,140 [Worker-34] INFO  o.e.m.c.i.e.AbstractTransferListenerAdapter - Downloading http://repo.maven.apache.org/maven2/com/google/guava/guava/19.0-rc2/guava-19.0-rc2.pom
2018-08-08 15:53:44,786 [Worker-34] INFO  o.e.m.c.i.e.AbstractTransferListenerAdapter - Downloaded http://repo.maven.apache.org/maven2/com/google/guava/guava/19.0-rc2/guava-19.0-rc2.pom
2018-08-08 15:53:45,127 [Worker-34] INFO  o.e.m.c.i.e.AbstractTransferListenerAdapter - Downloading http://repo.maven.apache.org/maven2/com/google/guava/guava-parent/19.0-rc2/guava-parent-19.0-rc2.pom
2018-08-08 15:53:45,748 [Worker-34] INFO  o.e.m.c.i.e.AbstractTransferListenerAdapter - Downloaded http://repo.maven.apache.org/maven2/com/google/guava/guava-parent/19.0-rc2/guava-parent-19.0-rc2.pom
2018-08-08 15:53:46,263 [Worker-34] INFO  o.e.m.c.i.e.AbstractTransferListenerAdapter - Downloading http://repo.maven.apache.org/maven2/org/mortbay/jetty/jetty-util/6.1.14/jetty-util-6.1.14.pom
2018-08-08 15:53:47,047 [Worker-34] INFO  o.e.m.c.i.e.AbstractTransferListenerAdapter - Downloaded http://repo.maven.apache.org/maven2/org/mortbay/jetty/jetty-util/6.1.14/jetty-util-6.1.14.pom
2018-08-08 15:53:47,343 [Worker-34] INFO  o.e.m.c.i.e.AbstractTransferListenerAdapter - Downloading http://repo.maven.apache.org/maven2/org/mortbay/jetty/project/6.1.14/project-6.1.14.pom
2018-08-08 15:53:47,987 [Worker-34] INFO  o.e.m.c.i.e.AbstractTransferListenerAdapter - Downloaded http://repo.maven.apache.org/maven2/org/mortbay/jetty/project/6.1.14/project-6.1.14.pom
2018-08-08 15:53:48,291 [Worker-34] INFO  o.e.m.c.i.e.AbstractTransferListenerAdapter - Downloading http://repo.maven.apache.org/maven2/com/h2database/h2/1.3.174/h2-1.3.174.pom
2018-08-08 15:53:49,107 [Worker-34] INFO  o.e.m.c.i.e.AbstractTransferListenerAdapter - Downloaded http://repo.maven.apache.org/maven2/com/h2database/h2/1.3.174/h2-1.3.174.pom
2018-08-08 15:53:49,419 [Worker-34] INFO  o.e.m.c.i.e.AbstractTransferListenerAdapter - Downloading http://repo.maven.apache.org/maven2/com/googlecode/jmockit/jmockit/1.5/jmockit-1.5.pom
2018-08-08 15:53:50,077 [Worker-34] INFO  o.e.m.c.i.e.AbstractTransferListenerAdapter - Downloaded http://repo.maven.apache.org/maven2/com/googlecode/jmockit/jmockit/1.5/jmockit-1.5.pom
2018-08-08 15:53:50,388 [Worker-34] INFO  o.e.m.c.i.e.AbstractTransferListenerAdapter - Downloading http://repo.maven.apache.org/maven2/com/googlecode/jmockit/jmockit-coverage/0.999.24/jmockit-coverage-0.999.24.pom
2018-08-08 15:53:51,088 [Worker-34] INFO  o.e.m.c.i.e.AbstractTransferListenerAdapter - Downloaded http://repo.maven.apache.org/maven2/com/googlecode/jmockit/jmockit-coverage/0.999.24/jmockit-coverage-0.999.24.pom
2018-08-08 15:53:51,648 [Worker-34] INFO  o.e.m.c.i.e.AbstractTransferListenerAdapter - Downloading http://repo.maven.apache.org/maven2/junit/junit-dep/4.11/junit-dep-4.11.pom
2018-08-08 15:53:52,304 [Worker-34] INFO  o.e.m.c.i.e.AbstractTransferListenerAdapter - Downloaded http://repo.maven.apache.org/maven2/junit/junit-dep/4.11/junit-dep-4.11.pom
2018-08-08 15:53:52,774 [Worker-34] INFO  o.e.m.c.i.e.AbstractTransferListenerAdapter - Downloading http://repo.maven.apache.org/maven2/org/mortbay/jetty/jetty/6.1.14/jetty-6.1.14.pom
2018-08-08 15:53:53,426 [Worker-34] INFO  o.e.m.c.i.e.AbstractTransferListenerAdapter - Downloaded http://repo.maven.apache.org/maven2/org/mortbay/jetty/jetty/6.1.14/jetty-6.1.14.pom
2018-08-08 15:53:53,719 [Worker-34] INFO  o.e.m.c.i.e.AbstractTransferListenerAdapter - Downloading http://repo.maven.apache.org/maven2/org/mortbay/jetty/servlet-api-2.5/6.1.14/servlet-api-2.5-6.1.14.pom
2018-08-08 15:53:54,311 [Worker-34] INFO  o.e.m.c.i.e.AbstractTransferListenerAdapter - Downloaded http://repo.maven.apache.org/maven2/org/mortbay/jetty/servlet-api-2.5/6.1.14/servlet-api-2.5-6.1.14.pom
2018-08-08 15:53:54,700 [Worker-34] INFO  o.e.m.c.i.e.AbstractTransferListenerAdapter - Downloading http://repo.maven.apache.org/maven2/org/hibernate/hibernate-validator/5.0.1.Final/hibernate-validator-5.0.1.Final.pom
2018-08-08 15:53:55,371 [Worker-34] INFO  o.e.m.c.i.e.AbstractTransferListenerAdapter - Downloaded http://repo.maven.apache.org/maven2/org/hibernate/hibernate-validator/5.0.1.Final/hibernate-validator-5.0.1.Final.pom
2018-08-08 15:53:55,793 [Worker-34] INFO  o.e.m.c.i.e.AbstractTransferListenerAdapter - Downloading http://repo.maven.apache.org/maven2/org/hibernate/hibernate-validator-parent/5.0.1.Final/hibernate-validator-parent-5.0.1.Final.pom
2018-08-08 15:53:56,512 [Worker-34] INFO  o.e.m.c.i.e.AbstractTransferListenerAdapter - Downloaded http://repo.maven.apache.org/maven2/org/hibernate/hibernate-validator-parent/5.0.1.Final/hibernate-validator-parent-5.0.1.Final.pom
2018-08-08 15:53:57,134 [Worker-37] INFO  o.e.m.c.i.e.AbstractTransferListenerAdapter - Downloading http://repo.maven.apache.org/maven2/org/jboss/logging/jboss-logging/3.1.1.GA/jboss-logging-3.1.1.GA.pom
2018-08-08 15:53:57,743 [Worker-37] INFO  o.e.m.c.i.e.AbstractTransferListenerAdapter - Downloaded http://repo.maven.apache.org/maven2/org/jboss/logging/jboss-logging/3.1.1.GA/jboss-logging-3.1.1.GA.pom
2018-08-08 15:53:58,061 [Worker-37] INFO  o.e.m.c.i.e.AbstractTransferListenerAdapter - Downloading http://repo.maven.apache.org/maven2/org/jboss/jboss-parent/7/jboss-parent-7.pom
2018-08-08 15:53:59,057 [Worker-37] INFO  o.e.m.c.i.e.AbstractTransferListenerAdapter - Downloaded http://repo.maven.apache.org/maven2/org/jboss/jboss-parent/7/jboss-parent-7.pom
2018-08-08 15:53:59,480 [Worker-37] INFO  o.e.m.c.i.e.AbstractTransferListenerAdapter - Downloading http://repo.maven.apache.org/maven2/com/fasterxml/classmate/0.8.0/classmate-0.8.0.pom
2018-08-08 15:54:00,134 [Worker-37] INFO  o.e.m.c.i.e.AbstractTransferListenerAdapter - Downloaded http://repo.maven.apache.org/maven2/com/fasterxml/classmate/0.8.0/classmate-0.8.0.pom
2018-08-08 15:54:00,474 [Worker-37] INFO  o.e.m.c.i.e.AbstractTransferListenerAdapter - Downloading http://repo.maven.apache.org/maven2/org/aspectj/aspectjtools/1.7.4/aspectjtools-1.7.4.pom
2018-08-08 15:54:01,097 [Worker-37] INFO  o.e.m.c.i.e.AbstractTransferListenerAdapter - Downloaded http://repo.maven.apache.org/maven2/org/aspectj/aspectjtools/1.7.4/aspectjtools-1.7.4.pom
2018-08-08 15:54:01,456 [Worker-37] INFO  o.e.m.c.i.e.AbstractTransferListenerAdapter - Downloading http://repo.maven.apache.org/maven2/org/slf4j/slf4j-nop/1.7.6/slf4j-nop-1.7.6.pom
2018-08-08 15:54:02,522 [Worker-37] INFO  o.e.m.c.i.e.AbstractTransferListenerAdapter - Downloaded http://repo.maven.apache.org/maven2/org/slf4j/slf4j-nop/1.7.6/slf4j-nop-1.7.6.pom
2018-08-08 15:54:02,825 [Worker-37] INFO  o.e.m.c.i.e.AbstractTransferListenerAdapter - Downloading http://repo.maven.apache.org/maven2/org/slf4j/slf4j-parent/1.7.6/slf4j-parent-1.7.6.pom
2018-08-08 15:54:03,501 [Worker-37] INFO  o.e.m.c.i.e.AbstractTransferListenerAdapter - Downloaded http://repo.maven.apache.org/maven2/org/slf4j/slf4j-parent/1.7.6/slf4j-parent-1.7.6.pom
2018-08-08 15:54:03,959 [Worker-34] INFO  o.e.m.c.i.e.AbstractTransferListenerAdapter - Downloading http://repo.maven.apache.org/maven2/org/slf4j/slf4j-api/1.7.6/slf4j-api-1.7.6.pom
2018-08-08 15:54:04,630 [Worker-34] INFO  o.e.m.c.i.e.AbstractTransferListenerAdapter - Downloaded http://repo.maven.apache.org/maven2/org/slf4j/slf4j-api/1.7.6/slf4j-api-1.7.6.pom
2018-08-08 15:54:05,144 [Worker-34] INFO  o.e.m.c.i.e.AbstractTransferListenerAdapter - Downloading http://repo.maven.apache.org/maven2/ch/qos/logback/logback-core/1.0.9/logback-core-1.0.9.pom
2018-08-08 15:54:05,748 [Worker-34] INFO  o.e.m.c.i.e.AbstractTransferListenerAdapter - Downloaded http://repo.maven.apache.org/maven2/ch/qos/logback/logback-core/1.0.9/logback-core-1.0.9.pom
2018-08-08 15:54:06,043 [Worker-34] INFO  o.e.m.c.i.e.AbstractTransferListenerAdapter - Downloading http://repo.maven.apache.org/maven2/ch/qos/logback/logback-parent/1.0.9/logback-parent-1.0.9.pom
2018-08-08 15:54:06,705 [Worker-34] INFO  o.e.m.c.i.e.AbstractTransferListenerAdapter - Downloaded http://repo.maven.apache.org/maven2/ch/qos/logback/logback-parent/1.0.9/logback-parent-1.0.9.pom
2018-08-08 15:54:07,002 [Worker-34] INFO  o.e.m.c.i.e.AbstractTransferListenerAdapter - Downloading http://repo.maven.apache.org/maven2/ch/qos/logback/logback-classic/1.0.9/logback-classic-1.0.9.pom
2018-08-08 15:54:08,179 [Worker-34] INFO  o.e.m.c.i.e.AbstractTransferListenerAdapter - Downloaded http://repo.maven.apache.org/maven2/ch/qos/logback/logback-classic/1.0.9/logback-classic-1.0.9.pom
2018-08-08 15:54:08,463 [Worker-34] INFO  o.e.m.c.i.e.AbstractTransferListenerAdapter - Downloading http://repo.maven.apache.org/maven2/org/slf4j/slf4j-api/1.7.2/slf4j-api-1.7.2.pom
2018-08-08 15:54:09,101 [Worker-34] INFO  o.e.m.c.i.e.AbstractTransferListenerAdapter - Downloaded http://repo.maven.apache.org/maven2/org/slf4j/slf4j-api/1.7.2/slf4j-api-1.7.2.pom
2018-08-08 15:54:09,413 [Worker-34] INFO  o.e.m.c.i.e.AbstractTransferListenerAdapter - Downloading http://repo.maven.apache.org/maven2/org/slf4j/slf4j-parent/1.7.2/slf4j-parent-1.7.2.pom
2018-08-08 15:54:10,098 [Worker-34] INFO  o.e.m.c.i.e.AbstractTransferListenerAdapter - Downloaded http://repo.maven.apache.org/maven2/org/slf4j/slf4j-parent/1.7.2/slf4j-parent-1.7.2.pom
2018-08-08 15:54:10,530 [Worker-34] INFO  o.e.m.c.i.e.AbstractTransferListenerAdapter - Downloading http://repo.maven.apache.org/maven2/com/github/tomakehurst/wiremock/1.46/wiremock-1.46.pom
2018-08-08 15:54:11,228 [Worker-34] INFO  o.e.m.c.i.e.AbstractTransferListenerAdapter - Downloaded http://repo.maven.apache.org/maven2/com/github/tomakehurst/wiremock/1.46/wiremock-1.46.pom
2018-08-08 15:54:11,643 [Worker-34] INFO  o.e.m.c.i.e.AbstractTransferListenerAdapter - Downloading http://repo.maven.apache.org/maven2/net/sf/jopt-simple/jopt-simple/4.3/jopt-simple-4.3.pom
2018-08-08 15:54:12,628 [Worker-34] INFO  o.e.m.c.i.e.AbstractTransferListenerAdapter - Downloaded http://repo.maven.apache.org/maven2/net/sf/jopt-simple/jopt-simple/4.3/jopt-simple-4.3.pom
2018-08-08 15:54:13,092 [Worker-34] INFO  o.e.m.c.i.e.AbstractTransferListenerAdapter - Downloading http://repo.maven.apache.org/maven2/com/fasterxml/jackson/core/jackson-core/2.1.2/jackson-core-2.1.2.pom
2018-08-08 15:54:13,738 [Worker-34] INFO  o.e.m.c.i.e.AbstractTransferListenerAdapter - Downloaded http://repo.maven.apache.org/maven2/com/fasterxml/jackson/core/jackson-core/2.1.2/jackson-core-2.1.2.pom
2018-08-08 15:54:14,070 [Worker-34] INFO  o.e.m.c.i.e.AbstractTransferListenerAdapter - Downloading http://repo.maven.apache.org/maven2/com/fasterxml/oss-parent/4/oss-parent-4.pom
2018-08-08 15:54:14,718 [Worker-34] INFO  o.e.m.c.i.e.AbstractTransferListenerAdapter - Downloaded http://repo.maven.apache.org/maven2/com/fasterxml/oss-parent/4/oss-parent-4.pom
2018-08-08 15:54:14,999 [Worker-34] INFO  o.e.m.c.i.e.AbstractTransferListenerAdapter - Downloading http://repo.maven.apache.org/maven2/org/mortbay/jetty/jetty/6.1.26/jetty-6.1.26.pom
2018-08-08 15:54:15,669 [Worker-34] INFO  o.e.m.c.i.e.AbstractTransferListenerAdapter - Downloaded http://repo.maven.apache.org/maven2/org/mortbay/jetty/jetty/6.1.26/jetty-6.1.26.pom
2018-08-08 15:54:15,997 [Worker-34] INFO  o.e.m.c.i.e.AbstractTransferListenerAdapter - Downloading http://repo.maven.apache.org/maven2/org/mortbay/jetty/project/6.1.26/project-6.1.26.pom
2018-08-08 15:54:16,793 [Worker-34] INFO  o.e.m.c.i.e.AbstractTransferListenerAdapter - Downloaded http://repo.maven.apache.org/maven2/org/mortbay/jetty/project/6.1.26/project-6.1.26.pom
2018-08-08 15:54:17,452 [Worker-37] INFO  o.e.m.c.i.e.AbstractTransferListenerAdapter - Downloading http://repo.maven.apache.org/maven2/org/mortbay/jetty/jetty-util/6.1.26/jetty-util-6.1.26.pom
2018-08-08 15:54:18,072 [Worker-37] INFO  o.e.m.c.i.e.AbstractTransferListenerAdapter - Downloaded http://repo.maven.apache.org/maven2/org/mortbay/jetty/jetty-util/6.1.26/jetty-util-6.1.26.pom
2018-08-08 15:54:18,527 [Worker-37] INFO  o.e.m.c.i.e.AbstractTransferListenerAdapter - Downloading http://repo.maven.apache.org/maven2/org/skyscreamer/jsonassert/1.2.1/jsonassert-1.2.1.pom
2018-08-08 15:54:19,222 [Worker-37] INFO  o.e.m.c.i.e.AbstractTransferListenerAdapter - Downloaded http://repo.maven.apache.org/maven2/org/skyscreamer/jsonassert/1.2.1/jsonassert-1.2.1.pom
2018-08-08 15:54:19,719 [Worker-37] INFO  o.e.m.c.i.e.AbstractTransferListenerAdapter - Downloading http://repo.maven.apache.org/maven2/org/json/json/20090211/json-20090211.pom
2018-08-08 15:54:20,320 [Worker-37] INFO  o.e.m.c.i.e.AbstractTransferListenerAdapter - Downloaded http://repo.maven.apache.org/maven2/org/json/json/20090211/json-20090211.pom
2018-08-08 15:54:20,758 [Worker-37] INFO  o.e.m.c.i.e.AbstractTransferListenerAdapter - Downloading http://repo.maven.apache.org/maven2/com/jayway/jsonpath/json-path/0.8.1/json-path-0.8.1.pom
2018-08-08 15:54:21,431 [Worker-37] INFO  o.e.m.c.i.e.AbstractTransferListenerAdapter - Downloaded http://repo.maven.apache.org/maven2/com/jayway/jsonpath/json-path/0.8.1/json-path-0.8.1.pom
2018-08-08 15:54:21,880 [Worker-37] INFO  o.e.m.c.i.e.AbstractTransferListenerAdapter - Downloading http://repo.maven.apache.org/maven2/com/jayway/jsonpath/json-path-parent/0.8.1/json-path-parent-0.8.1.pom
2018-08-08 15:54:22,534 [Worker-37] INFO  o.e.m.c.i.e.AbstractTransferListenerAdapter - Downloaded http://repo.maven.apache.org/maven2/com/jayway/jsonpath/json-path-parent/0.8.1/json-path-parent-0.8.1.pom
2018-08-08 15:54:23,001 [Worker-37] INFO  o.e.m.c.i.e.AbstractTransferListenerAdapter - Downloading http://repo.maven.apache.org/maven2/net/minidev/json-smart/1.1.1/json-smart-1.1.1.pom
2018-08-08 15:54:23,674 [Worker-37] INFO  o.e.m.c.i.e.AbstractTransferListenerAdapter - Downloaded http://repo.maven.apache.org/maven2/net/minidev/json-smart/1.1.1/json-smart-1.1.1.pom
2018-08-08 15:54:23,968 [Worker-37] INFO  o.e.m.c.i.e.AbstractTransferListenerAdapter - Downloading http://repo.maven.apache.org/maven2/net/minidev/parent/1.1.1/parent-1.1.1.pom
2018-08-08 15:54:24,626 [Worker-37] INFO  o.e.m.c.i.e.AbstractTransferListenerAdapter - Downloaded http://repo.maven.apache.org/maven2/net/minidev/parent/1.1.1/parent-1.1.1.pom
2018-08-08 15:54:25,814 [Worker-37] INFO  o.e.m.c.i.e.AbstractTransferListenerAdapter - Downloading http://repo.maven.apache.org/maven2/com/fasterxml/jackson/core/jackson-annotations/2.1.2/jackson-annotations-2.1.2.pom
2018-08-08 15:54:26,559 [Worker-37] INFO  o.e.m.c.i.e.AbstractTransferListenerAdapter - Downloaded http://repo.maven.apache.org/maven2/com/fasterxml/jackson/core/jackson-annotations/2.1.2/jackson-annotations-2.1.2.pom
2018-08-08 15:54:26,997 [Worker-37] INFO  o.e.m.c.i.e.AbstractTransferListenerAdapter - Downloading http://repo.maven.apache.org/maven2/com/google/guava/guava/13.0.1/guava-13.0.1.pom
2018-08-08 15:54:27,618 [Worker-37] INFO  o.e.m.c.i.e.AbstractTransferListenerAdapter - Downloaded http://repo.maven.apache.org/maven2/com/google/guava/guava/13.0.1/guava-13.0.1.pom
2018-08-08 15:54:27,960 [Worker-37] INFO  o.e.m.c.i.e.AbstractTransferListenerAdapter - Downloading http://repo.maven.apache.org/maven2/com/google/guava/guava-parent/13.0.1/guava-parent-13.0.1.pom
2018-08-08 15:54:28,794 [Worker-37] INFO  o.e.m.c.i.e.AbstractTransferListenerAdapter - Downloaded http://repo.maven.apache.org/maven2/com/google/guava/guava-parent/13.0.1/guava-parent-13.0.1.pom
2018-08-08 15:54:29,091 [Worker-37] INFO  o.e.m.c.i.e.AbstractTransferListenerAdapter - Downloading http://repo.maven.apache.org/maven2/com/fasterxml/jackson/core/jackson-databind/2.1.2/jackson-databind-2.1.2.pom
2018-08-08 15:54:29,740 [Worker-37] INFO  o.e.m.c.i.e.AbstractTransferListenerAdapter - Downloaded http://repo.maven.apache.org/maven2/com/fasterxml/jackson/core/jackson-databind/2.1.2/jackson-databind-2.1.2.pom
2018-08-08 15:54:30,036 [Worker-37] INFO  o.e.m.c.i.e.AbstractTransferListenerAdapter - Downloading http://repo.maven.apache.org/maven2/com/fasterxml/jackson/core/jackson-annotations/2.1.1/jackson-annotations-2.1.1.pom
2018-08-08 15:54:30,737 [Worker-37] INFO  o.e.m.c.i.e.AbstractTransferListenerAdapter - Downloaded http://repo.maven.apache.org/maven2/com/fasterxml/jackson/core/jackson-annotations/2.1.1/jackson-annotations-2.1.1.pom
2018-08-08 15:54:31,005 [Worker-37] INFO  o.e.m.c.i.e.AbstractTransferListenerAdapter - Downloading http://repo.maven.apache.org/maven2/com/fasterxml/jackson/core/jackson-core/2.1.1/jackson-core-2.1.1.pom
2018-08-08 15:54:31,674 [Worker-37] INFO  o.e.m.c.i.e.AbstractTransferListenerAdapter - Downloaded http://repo.maven.apache.org/maven2/com/fasterxml/jackson/core/jackson-core/2.1.1/jackson-core-2.1.1.pom
2018-08-08 15:54:32,021 [Worker-37] INFO  o.e.m.c.i.e.AbstractTransferListenerAdapter - Downloading http://repo.maven.apache.org/maven2/org/slf4j/slf4j-log4j12/1.4.3/slf4j-log4j12-1.4.3.pom
2018-08-08 15:54:32,642 [Worker-37] INFO  o.e.m.c.i.e.AbstractTransferListenerAdapter - Downloaded http://repo.maven.apache.org/maven2/org/slf4j/slf4j-log4j12/1.4.3/slf4j-log4j12-1.4.3.pom
2018-08-08 15:54:32,923 [Worker-34] INFO  o.e.m.c.i.e.AbstractTransferListenerAdapter - Downloading http://repo.maven.apache.org/maven2/org/slf4j/slf4j-parent/1.4.3/slf4j-parent-1.4.3.pom
2018-08-08 15:54:33,598 [Worker-34] INFO  o.e.m.c.i.e.AbstractTransferListenerAdapter - Downloaded http://repo.maven.apache.org/maven2/org/slf4j/slf4j-parent/1.4.3/slf4j-parent-1.4.3.pom
2018-08-08 15:54:33,910 [Worker-34] INFO  o.e.m.c.i.e.AbstractTransferListenerAdapter - Downloading http://repo.maven.apache.org/maven2/org/slf4j/slf4j-api/1.4.3/slf4j-api-1.4.3.pom
2018-08-08 15:54:34,569 [Worker-34] INFO  o.e.m.c.i.e.AbstractTransferListenerAdapter - Downloaded http://repo.maven.apache.org/maven2/org/slf4j/slf4j-api/1.4.3/slf4j-api-1.4.3.pom
2018-08-08 15:54:34,891 [Worker-34] WARN  o.e.m.c.i.embedder.EclipseLogger - The artifact junit:junit-dep:jar:4.11 has been relocated to junit:junit:jar:4.11
2018-08-08 15:54:34,953 [Worker-37] WARN  o.e.m.c.i.embedder.EclipseLogger - The artifact junit:junit-dep:jar:4.11 has been relocated to junit:junit:jar:4.11
2018-08-08 15:54:36,120 [Worker-34] INFO  o.e.m.c.i.e.AbstractTransferListenerAdapter - Downloaded http://repo.maven.apache.org/maven2/org/aopalliance/com.springsource.org.aopalliance/2.5.6/com.springsource.org.aopalliance-2.5.6.jar
2018-08-08 15:54:37,246 [Worker-34] INFO  o.e.m.c.i.e.AbstractTransferListenerAdapter - Downloading http://repo.maven.apache.org/maven2/com/google/code/gson/gson/2.2.4/gson-2.2.4.jar
2018-08-08 15:54:42,067 [Worker-34] INFO  o.e.m.c.i.e.AbstractTransferListenerAdapter - Downloaded http://repo.maven.apache.org/maven2/com/google/code/gson/gson/2.2.4/gson-2.2.4.jar
2018-08-08 15:54:42,360 [Worker-34] INFO  o.e.m.c.i.e.AbstractTransferListenerAdapter - Downloading http://repo.maven.apache.org/maven2/commons-collections/commons-collections/3.2/commons-collections-3.2.jar
2018-08-08 15:54:43,910 [Worker-34] INFO  o.e.m.c.i.e.AbstractTransferListenerAdapter - Downloaded http://repo.maven.apache.org/maven2/commons-collections/commons-collections/3.2/commons-collections-3.2.jar
2018-08-08 15:54:44,207 [Worker-34] INFO  o.e.m.c.i.e.AbstractTransferListenerAdapter - Downloading http://repo.maven.apache.org/maven2/commons-dbcp/commons-dbcp/1.2.1/commons-dbcp-1.2.1.jar
2018-08-08 15:54:44,857 [Worker-34] INFO  o.e.m.c.i.e.AbstractTransferListenerAdapter - Downloaded http://repo.maven.apache.org/maven2/commons-dbcp/commons-dbcp/1.2.1/commons-dbcp-1.2.1.jar
2018-08-08 15:54:45,268 [Worker-34] INFO  o.e.m.c.i.e.AbstractTransferListenerAdapter - Downloading http://repo.maven.apache.org/maven2/xerces/xercesImpl/2.0.2/xercesImpl-2.0.2.jar
2018-08-08 15:54:47,218 [Worker-34] INFO  o.e.m.c.i.e.AbstractTransferListenerAdapter - Downloaded http://repo.maven.apache.org/maven2/xerces/xercesImpl/2.0.2/xercesImpl-2.0.2.jar
2018-08-08 15:54:47,485 [Worker-34] INFO  o.e.m.c.i.e.AbstractTransferListenerAdapter - Downloading http://repo.maven.apache.org/maven2/commons-digester/commons-digester/1.6/commons-digester-1.6.jar
2018-08-08 15:54:48,307 [Worker-34] INFO  o.e.m.c.i.e.AbstractTransferListenerAdapter - Downloaded http://repo.maven.apache.org/maven2/commons-digester/commons-digester/1.6/commons-digester-1.6.jar
2018-08-08 15:54:48,600 [Worker-34] INFO  o.e.m.c.i.e.AbstractTransferListenerAdapter - Downloading http://repo.maven.apache.org/maven2/commons-fileupload/commons-fileupload/1.2.1/commons-fileupload-1.2.1.jar
2018-08-08 15:54:49,271 [Worker-34] INFO  o.e.m.c.i.e.AbstractTransferListenerAdapter - Downloaded http://repo.maven.apache.org/maven2/commons-fileupload/commons-fileupload/1.2.1/commons-fileupload-1.2.1.jar
2018-08-08 15:54:49,556 [Worker-34] INFO  o.e.m.c.i.e.AbstractTransferListenerAdapter - Downloading http://repo.maven.apache.org/maven2/javax/servlet/jsp/jsp-api/2.0/jsp-api-2.0.jar
2018-08-08 15:54:50,086 [Worker-34] INFO  o.e.m.c.i.e.AbstractTransferListenerAdapter - Downloaded http://repo.maven.apache.org/maven2/javax/servlet/jsp/jsp-api/2.0/jsp-api-2.0.jar
2018-08-08 15:54:50,320 [Worker-34] INFO  o.e.m.c.i.e.AbstractTransferListenerAdapter - Downloading http://repo.maven.apache.org/maven2/org/apache/zookeeper/zookeeper/3.3.6/zookeeper-3.3.6.jar
2018-08-08 15:54:51,678 [Worker-34] INFO  o.e.m.c.i.e.AbstractTransferListenerAdapter - Downloaded http://repo.maven.apache.org/maven2/org/apache/zookeeper/zookeeper/3.3.6/zookeeper-3.3.6.jar
2018-08-08 15:54:51,970 [Worker-34] INFO  o.e.m.c.i.e.AbstractTransferListenerAdapter - Downloading http://repo.maven.apache.org/maven2/commons-logging/commons-logging/1.0.4/commons-logging-1.0.4.jar
2018-08-08 15:54:52,467 [Worker-34] INFO  o.e.m.c.i.e.AbstractTransferListenerAdapter - Downloaded http://repo.maven.apache.org/maven2/commons-logging/commons-logging/1.0.4/commons-logging-1.0.4.jar
2018-08-08 15:54:52,772 [Worker-34] INFO  o.e.m.c.i.e.AbstractTransferListenerAdapter - Downloading http://repo.maven.apache.org/maven2/commons-logging/commons-logging-api/1.0.4/commons-logging-api-1.0.4.jar
2018-08-08 15:54:53,422 [Worker-34] INFO  o.e.m.c.i.e.AbstractTransferListenerAdapter - Downloaded http://repo.maven.apache.org/maven2/commons-logging/commons-logging-api/1.0.4/commons-logging-api-1.0.4.jar
2018-08-08 15:54:53,676 [Worker-34] INFO  o.e.m.c.i.e.AbstractTransferListenerAdapter - Downloading http://repo.maven.apache.org/maven2/commons-net/commons-net/1.4.1/commons-net-1.4.1.jar
2018-08-08 15:54:54,397 [Worker-34] INFO  o.e.m.c.i.e.AbstractTransferListenerAdapter - Downloaded http://repo.maven.apache.org/maven2/commons-net/commons-net/1.4.1/commons-net-1.4.1.jar
2018-08-08 15:54:54,673 [Worker-34] INFO  o.e.m.c.i.e.AbstractTransferListenerAdapter - Downloading http://repo.maven.apache.org/maven2/commons-pool/commons-pool/1.4/commons-pool-1.4.jar
2018-08-08 15:54:55,340 [Worker-34] INFO  o.e.m.c.i.e.AbstractTransferListenerAdapter - Downloaded http://repo.maven.apache.org/maven2/commons-pool/commons-pool/1.4/commons-pool-1.4.jar
2018-08-08 15:54:55,636 [Worker-34] INFO  o.e.m.c.i.e.AbstractTransferListenerAdapter - Downloading http://repo.maven.apache.org/maven2/net/sf/ehcache/ehcache/2.7.4/ehcache-2.7.4.jar
2018-08-08 15:55:03,841 [Worker-34] INFO  o.e.m.c.i.e.AbstractTransferListenerAdapter - Downloaded http://repo.maven.apache.org/maven2/net/sf/ehcache/ehcache/2.7.4/ehcache-2.7.4.jar
2018-08-08 15:55:04,122 [Worker-34] INFO  o.e.m.c.i.e.AbstractTransferListenerAdapter - Downloaded http://repo.maven.apache.org/maven2/javax/annotation/javax.annotation/1.0.0.v20100513-0750/javax.annotation-1.0.0.v20100513-0750.jar
2018-08-08 15:55:04,658 [Worker-34] INFO  o.e.m.c.i.e.AbstractTransferListenerAdapter - Downloaded http://repo.maven.apache.org/maven2/javax/xml/javax.xml/1.3.4.v201005080400/javax.xml-1.3.4.v201005080400.jar
2018-08-08 15:55:05,203 [Worker-34] INFO  o.e.m.c.i.e.AbstractTransferListenerAdapter - Downloading http://repo.maven.apache.org/maven2/org/freemarker/freemarker/2.3.20/freemarker-2.3.20.jar
2018-08-08 15:55:08,992 [Worker-34] INFO  o.e.m.c.i.e.AbstractTransferListenerAdapter - Downloaded http://repo.maven.apache.org/maven2/org/freemarker/freemarker/2.3.20/freemarker-2.3.20.jar
2018-08-08 15:55:09,242 [Worker-34] INFO  o.e.m.c.i.e.AbstractTransferListenerAdapter - Downloading http://repo.maven.apache.org/maven2/com/google/protobuf/protobuf-java/2.5.0/protobuf-java-2.5.0.jar
2018-08-08 15:55:10,954 [Worker-34] INFO  o.e.m.c.i.e.AbstractTransferListenerAdapter - Downloaded http://repo.maven.apache.org/maven2/com/google/protobuf/protobuf-java/2.5.0/protobuf-java-2.5.0.jar
2018-08-08 15:55:11,333 [Worker-34] INFO  o.e.m.c.i.e.AbstractTransferListenerAdapter - Downloading http://repo.maven.apache.org/maven2/net/sf/supercsv/super-csv/2.1.0/super-csv-2.1.0.jar
2018-08-08 15:55:11,991 [Worker-34] INFO  o.e.m.c.i.e.AbstractTransferListenerAdapter - Downloaded http://repo.maven.apache.org/maven2/net/sf/supercsv/super-csv/2.1.0/super-csv-2.1.0.jar
2018-08-08 15:55:12,287 [Worker-34] INFO  o.e.m.c.i.e.AbstractTransferListenerAdapter - Downloading http://repo.maven.apache.org/maven2/org/projectlombok/lombok/1.14.4/lombok-1.14.4.jar
2018-08-08 15:55:15,184 [Worker-34] INFO  o.e.m.c.i.e.AbstractTransferListenerAdapter - Downloaded http://repo.maven.apache.org/maven2/org/projectlombok/lombok/1.14.4/lombok-1.14.4.jar
2018-08-08 15:55:15,478 [Worker-34] INFO  o.e.m.c.i.e.AbstractTransferListenerAdapter - Downloading http://repo.maven.apache.org/maven2/org/ostermiller/utils/1.07.00/utils-1.07.00.jar
2018-08-08 15:55:16,991 [Worker-34] INFO  o.e.m.c.i.e.AbstractTransferListenerAdapter - Downloaded http://repo.maven.apache.org/maven2/org/ostermiller/utils/1.07.00/utils-1.07.00.jar
2018-08-08 15:55:17,290 [Worker-34] INFO  o.e.m.c.i.e.AbstractTransferListenerAdapter - Downloading http://repo.maven.apache.org/maven2/com/google/guava/guava/19.0-rc2/guava-19.0-rc2.jar
2018-08-08 15:55:21,862 [Worker-34] INFO  o.e.m.c.i.e.AbstractTransferListenerAdapter - Downloaded http://repo.maven.apache.org/maven2/com/google/guava/guava/19.0-rc2/guava-19.0-rc2.jar
2018-08-08 15:55:22,205 [Worker-34] INFO  o.e.m.c.i.e.AbstractTransferListenerAdapter - Downloading http://repo.maven.apache.org/maven2/org/mortbay/jetty/jetty-util/6.1.14/jetty-util-6.1.14.jar
2018-08-08 15:55:23,232 [Worker-34] INFO  o.e.m.c.i.e.AbstractTransferListenerAdapter - Downloaded http://repo.maven.apache.org/maven2/org/mortbay/jetty/jetty-util/6.1.14/jetty-util-6.1.14.jar
2018-08-08 15:55:23,483 [Worker-34] INFO  o.e.m.c.i.e.AbstractTransferListenerAdapter - Downloading http://repo.maven.apache.org/maven2/com/h2database/h2/1.3.174/h2-1.3.174.jar
2018-08-08 15:55:26,062 [Worker-34] INFO  o.e.m.c.i.e.AbstractTransferListenerAdapter - Downloaded http://repo.maven.apache.org/maven2/com/h2database/h2/1.3.174/h2-1.3.174.jar
2018-08-08 15:55:26,367 [Worker-34] INFO  o.e.m.c.i.e.AbstractTransferListenerAdapter - Downloading http://repo.maven.apache.org/maven2/com/googlecode/jmockit/jmockit/1.5/jmockit-1.5.jar
2018-08-08 15:55:27,446 [Worker-34] INFO  o.e.m.c.i.e.AbstractTransferListenerAdapter - Downloaded http://repo.maven.apache.org/maven2/com/googlecode/jmockit/jmockit/1.5/jmockit-1.5.jar
2018-08-08 15:55:27,713 [Worker-34] INFO  o.e.m.c.i.e.AbstractTransferListenerAdapter - Downloading http://repo.maven.apache.org/maven2/com/googlecode/jmockit/jmockit-coverage/0.999.24/jmockit-coverage-0.999.24.jar
2018-08-08 15:55:28,368 [Worker-34] INFO  o.e.m.c.i.e.AbstractTransferListenerAdapter - Downloaded http://repo.maven.apache.org/maven2/com/googlecode/jmockit/jmockit-coverage/0.999.24/jmockit-coverage-0.999.24.jar
2018-08-08 15:55:28,602 [Worker-34] INFO  o.e.m.c.i.e.AbstractTransferListenerAdapter - Downloading http://repo.maven.apache.org/maven2/org/mortbay/jetty/jetty/6.1.14/jetty-6.1.14.jar
2018-08-08 15:55:29,897 [Worker-34] INFO  o.e.m.c.i.e.AbstractTransferListenerAdapter - Downloaded http://repo.maven.apache.org/maven2/org/mortbay/jetty/jetty/6.1.14/jetty-6.1.14.jar
2018-08-08 15:55:30,209 [Worker-34] INFO  o.e.m.c.i.e.AbstractTransferListenerAdapter - Downloading http://repo.maven.apache.org/maven2/org/mortbay/jetty/servlet-api-2.5/6.1.14/servlet-api-2.5-6.1.14.jar
2018-08-08 15:55:30,862 [Worker-34] INFO  o.e.m.c.i.e.AbstractTransferListenerAdapter - Downloaded http://repo.maven.apache.org/maven2/org/mortbay/jetty/servlet-api-2.5/6.1.14/servlet-api-2.5-6.1.14.jar
2018-08-08 15:55:31,158 [Worker-34] INFO  o.e.m.c.i.e.AbstractTransferListenerAdapter - Downloading http://repo.maven.apache.org/maven2/org/hibernate/hibernate-validator/5.0.1.Final/hibernate-validator-5.0.1.Final.jar
2018-08-08 15:55:32,473 [Worker-34] INFO  o.e.m.c.i.e.AbstractTransferListenerAdapter - Downloaded http://repo.maven.apache.org/maven2/org/hibernate/hibernate-validator/5.0.1.Final/hibernate-validator-5.0.1.Final.jar
2018-08-08 15:55:32,753 [Worker-34] INFO  o.e.m.c.i.e.AbstractTransferListenerAdapter - Downloading http://repo.maven.apache.org/maven2/org/jboss/logging/jboss-logging/3.1.1.GA/jboss-logging-3.1.1.GA.jar
2018-08-08 15:55:33,435 [Worker-34] INFO  o.e.m.c.i.e.AbstractTransferListenerAdapter - Downloaded http://repo.maven.apache.org/maven2/org/jboss/logging/jboss-logging/3.1.1.GA/jboss-logging-3.1.1.GA.jar
2018-08-08 15:55:33,716 [Worker-34] INFO  o.e.m.c.i.e.AbstractTransferListenerAdapter - Downloading http://repo.maven.apache.org/maven2/com/fasterxml/classmate/0.8.0/classmate-0.8.0.jar
2018-08-08 15:55:34,394 [Worker-34] INFO  o.e.m.c.i.e.AbstractTransferListenerAdapter - Downloaded http://repo.maven.apache.org/maven2/com/fasterxml/classmate/0.8.0/classmate-0.8.0.jar
2018-08-08 15:55:34,674 [Worker-34] INFO  o.e.m.c.i.e.AbstractTransferListenerAdapter - Downloading http://repo.maven.apache.org/maven2/org/aspectj/aspectjtools/1.7.4/aspectjtools-1.7.4.jar
2018-08-08 15:55:45,494 [Worker-34] INFO  o.e.m.c.i.e.AbstractTransferListenerAdapter - Downloaded http://repo.maven.apache.org/maven2/org/aspectj/aspectjtools/1.7.4/aspectjtools-1.7.4.jar
2018-08-08 15:55:45,890 [Worker-34] INFO  o.e.m.c.i.e.AbstractTransferListenerAdapter - Downloading http://repo.maven.apache.org/maven2/org/slf4j/slf4j-nop/1.7.6/slf4j-nop-1.7.6.jar
2018-08-08 15:55:46,545 [Worker-34] INFO  o.e.m.c.i.e.AbstractTransferListenerAdapter - Downloaded http://repo.maven.apache.org/maven2/org/slf4j/slf4j-nop/1.7.6/slf4j-nop-1.7.6.jar
2018-08-08 15:55:46,842 [Worker-34] INFO  o.e.m.c.i.e.AbstractTransferListenerAdapter - Downloading http://repo.maven.apache.org/maven2/org/slf4j/slf4j-api/1.7.6/slf4j-api-1.7.6.jar
2018-08-08 15:55:47,507 [Worker-34] INFO  o.e.m.c.i.e.AbstractTransferListenerAdapter - Downloaded http://repo.maven.apache.org/maven2/org/slf4j/slf4j-api/1.7.6/slf4j-api-1.7.6.jar
2018-08-08 15:55:47,805 [Worker-34] INFO  o.e.m.c.i.e.AbstractTransferListenerAdapter - Downloading http://repo.maven.apache.org/maven2/ch/qos/logback/logback-core/1.0.9/logback-core-1.0.9.jar
2018-08-08 15:55:48,722 [Worker-34] INFO  o.e.m.c.i.e.AbstractTransferListenerAdapter - Downloaded http://repo.maven.apache.org/maven2/ch/qos/logback/logback-core/1.0.9/logback-core-1.0.9.jar
2018-08-08 15:55:48,932 [Worker-34] INFO  o.e.m.c.i.e.AbstractTransferListenerAdapter - Downloading http://repo.maven.apache.org/maven2/ch/qos/logback/logback-classic/1.0.9/logback-classic-1.0.9.jar
2018-08-08 15:55:49,665 [Worker-34] INFO  o.e.m.c.i.e.AbstractTransferListenerAdapter - Downloaded http://repo.maven.apache.org/maven2/ch/qos/logback/logback-classic/1.0.9/logback-classic-1.0.9.jar
2018-08-08 15:55:49,910 [Worker-34] INFO  o.e.m.c.i.e.AbstractTransferListenerAdapter - Downloading http://repo.maven.apache.org/maven2/com/github/tomakehurst/wiremock/1.46/wiremock-1.46-standalone.jar
2018-08-08 15:55:57,152 [Worker-34] INFO  o.e.m.c.i.e.AbstractTransferListenerAdapter - Downloaded http://repo.maven.apache.org/maven2/com/github/tomakehurst/wiremock/1.46/wiremock-1.46-standalone.jar
2018-08-08 15:55:57,374 [Worker-34] INFO  o.e.m.c.i.e.AbstractTransferListenerAdapter - Downloading http://repo.maven.apache.org/maven2/net/sf/jopt-simple/jopt-simple/4.3/jopt-simple-4.3.jar
2018-08-08 15:55:58,082 [Worker-34] INFO  o.e.m.c.i.e.AbstractTransferListenerAdapter - Downloaded http://repo.maven.apache.org/maven2/net/sf/jopt-simple/jopt-simple/4.3/jopt-simple-4.3.jar
2018-08-08 15:55:58,363 [Worker-34] INFO  o.e.m.c.i.e.AbstractTransferListenerAdapter - Downloading http://repo.maven.apache.org/maven2/org/skyscreamer/jsonassert/1.2.1/jsonassert-1.2.1.jar
2018-08-08 15:55:59,025 [Worker-34] INFO  o.e.m.c.i.e.AbstractTransferListenerAdapter - Downloaded http://repo.maven.apache.org/maven2/org/skyscreamer/jsonassert/1.2.1/jsonassert-1.2.1.jar
2018-08-08 15:55:59,290 [Worker-34] INFO  o.e.m.c.i.e.AbstractTransferListenerAdapter - Downloading http://repo.maven.apache.org/maven2/org/json/json/20090211/json-20090211.jar
2018-08-08 15:55:59,819 [Worker-34] INFO  o.e.m.c.i.e.AbstractTransferListenerAdapter - Downloaded http://repo.maven.apache.org/maven2/org/json/json/20090211/json-20090211.jar
2018-08-08 15:56:00,130 [Worker-34] INFO  o.e.m.c.i.e.AbstractTransferListenerAdapter - Downloading http://repo.maven.apache.org/maven2/com/jayway/jsonpath/json-path/0.8.1/json-path-0.8.1.jar
2018-08-08 15:56:01,005 [Worker-34] INFO  o.e.m.c.i.e.AbstractTransferListenerAdapter - Downloaded http://repo.maven.apache.org/maven2/com/jayway/jsonpath/json-path/0.8.1/json-path-0.8.1.jar
2018-08-08 15:56:01,251 [Worker-34] INFO  o.e.m.c.i.e.AbstractTransferListenerAdapter - Downloading http://repo.maven.apache.org/maven2/net/minidev/json-smart/1.1.1/json-smart-1.1.1.jar
2018-08-08 15:56:01,813 [Worker-34] INFO  o.e.m.c.i.e.AbstractTransferListenerAdapter - Downloaded http://repo.maven.apache.org/maven2/net/minidev/json-smart/1.1.1/json-smart-1.1.1.jar
2018-08-08 15:56:02,076 [Worker-34] INFO  o.e.m.c.i.e.AbstractTransferListenerAdapter - Downloading http://repo.maven.apache.org/maven2/org/slf4j/slf4j-log4j12/1.4.3/slf4j-log4j12-1.4.3.jar
2018-08-08 15:56:02,858 [Worker-34] INFO  o.e.m.c.i.e.AbstractTransferListenerAdapter - Downloaded http://repo.maven.apache.org/maven2/org/slf4j/slf4j-log4j12/1.4.3/slf4j-log4j12-1.4.3.jar
2018-08-08 15:56:27,260 [Worker-37] INFO  o.e.m.c.i.p.ProjectConfigurationManager - Update completed: 180 sec
2018-08-08 15:56:28,425 [Worker-30] INFO  o.e.m.c.i.l.LifecycleMappingFactory - Using NULL lifecycle mapping for MavenProject: com.baidu.disconf:disconf-base:2.6.36 @ C:\Users\Administrator\git\disconf\pom.xml.
2018-08-08 15:56:28,441 [Worker-30] WARN  o.e.m.c.i.embedder.EclipseLogger - The POM for org.aopalliance:com.springsource.org.aopalliance:jar:2.5.6 is missing, no dependency information available
2018-08-08 15:56:29,175 [Worker-30] WARN  o.e.m.c.i.embedder.EclipseLogger - The POM for javax.annotation:javax.annotation:jar:1.0.0.v20100513-0750 is missing, no dependency information available
2018-08-08 15:56:29,195 [Worker-30] WARN  o.e.m.c.i.embedder.EclipseLogger - The POM for javax.xml:javax.xml:jar:1.3.4.v201005080400 is missing, no dependency information available
2018-08-08 15:56:31,036 [Worker-30] WARN  o.e.m.c.i.embedder.EclipseLogger - The artifact junit:junit-dep:jar:4.11 has been relocated to junit:junit:jar:4.11
2018-08-08 15:59:54,112 [Worker-29] INFO  o.e.m.c.i.l.LifecycleMappingFactory - Using NULL lifecycle mapping for MavenProject: com.baidu.disconf:disconf-base:2.6.36 @ C:\Users\Administrator\git\disconf\pom.xml.
2018-08-08 15:59:54,128 [Worker-29] WARN  o.e.m.c.i.embedder.EclipseLogger - The POM for org.aopalliance:com.springsource.org.aopalliance:jar:2.5.6 is missing, no dependency information available
2018-08-08 15:59:54,851 [Worker-29] WARN  o.e.m.c.i.embedder.EclipseLogger - The POM for javax.annotation:javax.annotation:jar:1.0.0.v20100513-0750 is missing, no dependency information available
2018-08-08 15:59:54,867 [Worker-29] WARN  o.e.m.c.i.embedder.EclipseLogger - The POM for javax.xml:javax.xml:jar:1.3.4.v201005080400 is missing, no dependency information available
2018-08-08 15:59:56,268 [Worker-29] WARN  o.e.m.c.i.embedder.EclipseLogger - The artifact junit:junit-dep:jar:4.11 has been relocated to junit:junit:jar:4.11
2018-08-08 16:00:49,337 [Worker-49] INFO  o.e.m.c.i.l.LifecycleMappingFactory - Using NULL lifecycle mapping for MavenProject: com.baidu.disconf:disconf-base:2.6.36 @ C:\Users\Administrator\git\disconf\pom.xml.
2018-08-08 16:00:51,443 [Worker-49] WARN  o.e.m.c.i.embedder.EclipseLogger - The artifact junit:junit-dep:jar:4.11 has been relocated to junit:junit:jar:4.11
2018-08-08 16:02:10,166 [Worker-37] INFO  o.e.m.c.i.l.LifecycleMappingFactory - Using NULL lifecycle mapping for MavenProject: com.baidu.disconf:disconf-base:2.6.36 @ C:\Users\Administrator\git\disconf\pom.xml.
2018-08-08 16:02:12,630 [Worker-37] WARN  o.e.m.c.i.embedder.EclipseLogger - The artifact junit:junit-dep:jar:4.11 has been relocated to junit:junit:jar:4.11
2018-08-08 16:02:17,420 [Worker-43] INFO  o.e.m.c.i.p.ProjectConfigurationManager - Update started
2018-08-08 16:02:18,110 [Worker-43] INFO  o.e.m.c.i.l.LifecycleMappingFactory - Using NULL lifecycle mapping for MavenProject: com.baidu.disconf:disconf-base:2.6.36 @ C:\Users\Administrator\git\disconf\pom.xml.
2018-08-08 16:02:20,304 [Worker-43] WARN  o.e.m.c.i.embedder.EclipseLogger - The artifact junit:junit-dep:jar:4.11 has been relocated to junit:junit:jar:4.11
2018-08-08 16:02:23,987 [Worker-43] INFO  o.e.m.c.i.p.ProjectConfigurationManager - Update completed: 6 sec
2018-08-08 16:03:24,947 [Worker-34] WARN  o.e.m.c.i.embedder.EclipseLogger - The artifact junit:junit-dep:jar:4.11 has been relocated to junit:junit:jar:4.11
2018-08-08 16:06:22,445 [Worker-37] INFO  o.e.m.c.i.l.LifecycleMappingFactory - Using NULL lifecycle mapping for MavenProject: com.baidu.disconf:disconf-base:2.6.36 @ C:\Users\Administrator\git\disconf\pom.xml.
2018-08-08 16:06:22,461 [Worker-37] WARN  o.e.m.c.i.embedder.EclipseLogger - The POM for org.aopalliance:com.springsource.org.aopalliance:jar:2.5.6 is missing, no dependency information available
2018-08-08 16:06:23,116 [Worker-37] WARN  o.e.m.c.i.embedder.EclipseLogger - The POM for javax.annotation:javax.annotation:jar:1.0.0.v20100513-0750 is missing, no dependency information available
2018-08-08 16:06:24,616 [Worker-37] WARN  o.e.m.c.i.embedder.EclipseLogger - The artifact junit:junit-dep:jar:4.11 has been relocated to junit:junit:jar:4.11
2018-08-08 16:06:33,897 [Worker-46] INFO  o.e.m.c.i.p.ProjectConfigurationManager - Update started
2018-08-08 16:06:34,770 [Worker-46] INFO  o.e.m.c.i.l.LifecycleMappingFactory - Using NULL lifecycle mapping for MavenProject: com.baidu.disconf:disconf-base:2.6.36 @ C:\Users\Administrator\git\disconf\pom.xml.
2018-08-08 16:06:34,785 [Worker-46] WARN  o.e.m.c.i.embedder.EclipseLogger - The POM for org.aopalliance:com.springsource.org.aopalliance:jar:2.5.6 is missing, no dependency information available
2018-08-08 16:06:35,429 [Worker-46] WARN  o.e.m.c.i.embedder.EclipseLogger - The POM for javax.annotation:javax.annotation:jar:1.0.0.v20100513-0750 is missing, no dependency information available
2018-08-08 16:06:36,976 [Worker-46] WARN  o.e.m.c.i.embedder.EclipseLogger - The artifact junit:junit-dep:jar:4.11 has been relocated to junit:junit:jar:4.11
2018-08-08 16:06:43,132 [Worker-46] INFO  o.e.m.c.i.p.ProjectConfigurationManager - Update completed: 9 sec
2018-08-08 16:09:24,223 [Worker-51] INFO  o.e.m.c.i.l.LifecycleMappingFactory - Using NULL lifecycle mapping for MavenProject: com.baidu.disconf:disconf-base:2.6.36 @ C:\Users\Administrator\git\disconf\pom.xml.
2018-08-08 16:09:24,234 [Worker-51] WARN  o.e.m.c.i.embedder.EclipseLogger - The POM for org.aopalliance:com.springsource.org.aopalliance:jar:2.5.6 is missing, no dependency information available
2018-08-08 16:09:24,897 [Worker-51] WARN  o.e.m.c.i.embedder.EclipseLogger - The POM for javax.annotation:javax.annotation:jar:1.0.0.v20100513-0750 is missing, no dependency information available
2018-08-08 16:09:26,348 [Worker-51] WARN  o.e.m.c.i.embedder.EclipseLogger - The artifact junit:junit-dep:jar:4.11 has been relocated to junit:junit:jar:4.11
2018-08-08 16:09:35,249 [Worker-37] INFO  o.e.m.c.i.l.LifecycleMappingFactory - Using NULL lifecycle mapping for MavenProject: com.baidu.disconf:disconf-base:2.6.36 @ C:\Users\Administrator\git\disconf\pom.xml.
2018-08-08 16:09:35,281 [Worker-37] WARN  o.e.m.c.i.embedder.EclipseLogger - The POM for org.aopalliance:com.springsource.org.aopalliance:jar:2.5.6 is missing, no dependency information available
2018-08-08 16:09:39,975 [Worker-37] WARN  o.e.m.c.i.embedder.EclipseLogger - The artifact junit:junit-dep:jar:4.11 has been relocated to junit:junit:jar:4.11
2018-08-08 16:12:55,771 [Worker-50] INFO  o.e.m.c.i.l.LifecycleMappingFactory - Using NULL lifecycle mapping for MavenProject: com.baidu.disconf:disconf-base:2.6.36 @ C:\Users\Administrator\git\disconf\pom.xml.
2018-08-08 16:12:55,787 [Worker-50] WARN  o.e.m.c.i.embedder.EclipseLogger - The POM for org.aopalliance:com.springsource.org.aopalliance:jar:2.5.6 is missing, no dependency information available
2018-08-08 16:12:58,019 [Worker-50] WARN  o.e.m.c.i.embedder.EclipseLogger - The artifact junit:junit-dep:jar:4.11 has been relocated to junit:junit:jar:4.11
2018-08-08 16:13:04,487 [Worker-43] INFO  o.e.m.c.i.l.LifecycleMappingFactory - Using NULL lifecycle mapping for MavenProject: com.baidu.disconf:disconf-base:2.6.36 @ C:\Users\Administrator\git\disconf\pom.xml.
2018-08-08 16:13:06,761 [Worker-43] WARN  o.e.m.c.i.embedder.EclipseLogger - The artifact junit:junit-dep:jar:4.11 has been relocated to junit:junit:jar:4.11
2018-08-08 16:13:18,687 [Worker-52] INFO  o.e.m.c.i.p.ProjectConfigurationManager - Update started
2018-08-08 16:13:19,342 [Worker-52] INFO  o.e.m.c.i.l.LifecycleMappingFactory - Using NULL lifecycle mapping for MavenProject: com.baidu.disconf:disconf-base:2.6.36 @ C:\Users\Administrator\git\disconf\pom.xml.
2018-08-08 16:13:21,433 [Worker-52] WARN  o.e.m.c.i.embedder.EclipseLogger - The artifact junit:junit-dep:jar:4.11 has been relocated to junit:junit:jar:4.11
2018-08-08 16:13:24,840 [Worker-52] INFO  o.e.m.c.i.p.ProjectConfigurationManager - Update completed: 6 sec
2018-08-08 16:15:09,234 [Worker-43] WARN  o.e.m.c.i.embedder.EclipseLogger - The artifact junit:junit-dep:jar:4.11 has been relocated to junit:junit:jar:4.11
